Arguments: 
  /Users/taimoor/.volta/tools/image/node/14.17.1/bin/node /Users/taimoor/.volta/tools/image/yarn/1.22.10/bin/yarn.js add typesript

PATH: 
  /Users/taimoor/.volta/tools/image/npm/7.19.0/bin:/Users/taimoor/.volta/tools/image/yarn/1.22.10/bin:/Users/taimoor/.volta/tools/image/node/14.17.1/bin:/Users/taimoor/.volta/bin:/usr/local/bin:/usr/bin:/bin:/usr/sbin:/sbin:/Applications/Postgres.app/Contents/Versions/latest/bin:/Users/taimoor/.volta/bin

Yarn version: 
  1.22.10

Node version: 
  14.17.1

Platform: 
  darwin x64

Trace: 
  Error: https://registry.yarnpkg.com/typesript: Not found
      at Request.params.callback [as _callback] (/Users/taimoor/.volta/tools/image/yarn/1.22.10/lib/cli.js:66988:18)
      at Request.self.callback (/Users/taimoor/.volta/tools/image/yarn/1.22.10/lib/cli.js:140662:22)
      at Request.emit (events.js:375:28)
      at Request.<anonymous> (/Users/taimoor/.volta/tools/image/yarn/1.22.10/lib/cli.js:141634:10)
      at Request.emit (events.js:375:28)
      at IncomingMessage.<anonymous> (/Users/taimoor/.volta/tools/image/yarn/1.22.10/lib/cli.js:141556:12)
      at Object.onceWrapper (events.js:481:28)
      at IncomingMessage.emit (events.js:387:35)
      at endReadableNT (internal/streams/readable.js:1317:12)
      at processTicksAndRejections (internal/process/task_queues.js:82:21)

npm manifest: 
  {
    "name": "Jazz-coin",
    "version": "1.0.0",
    "description": "Typescript implmentation of a blockchain",
    "main": "index.js",
    "repository": "git@github.com:crudeboy/block.git",
    "author": "jazzman",
    "license": "MIT"
  }

yarn manifest: 
  No manifest

Lockfile: 
  # THIS IS AN AUTOGENERATED FILE. DO NOT EDIT THIS FILE DIRECTLY.
  # yarn lockfile v1
